Using pre-set license
Built from '2020.2/staging' branch; Version is '2020.2.3f1 (8ff31bc5bf5b) revision 9433883'; Using compiler version '192528614'; Build Type 'Release'
OS: 'Windows 10 Home; OS build 19042.870; Version 2009; 64bit' Language: 'nl' Physical Memory: 16197 MB
BatchMode: 1, IsHumanControllingUs: 0, StartBugReporterOnCrash: 0, Is64bit: 1, IsPro: 0

 COMMAND LINE ARGUMENTS:
C:\Program Files\Unity\Hub\Editor\2020.2.3f1\Editor\Unity.exe
-adb2
-batchMode
-noUpm
-name
AssetImportWorker0
-projectPath
C:/Users/sures/Desktop/schooljaar2/Sem2/3DProgramming/Labo/Week5/RocketAssignment/Week5Physics
-logFile
Logs/AssetImportWorker0.log
-srvPort
61126
Successfully changed project path to: C:/Users/sures/Desktop/schooljaar2/Sem2/3DProgramming/Labo/Week5/RocketAssignment/Week5Physics
C:/Users/sures/Desktop/schooljaar2/Sem2/3DProgramming/Labo/Week5/RocketAssignment/Week5Physics
Using Asset Import Pipeline V2.
Refreshing native plugins compatible for Editor in 32.70 ms, found 0 plugins.
Preloading 0 native plugins for Editor in 0.00 ms.
Initialize engine version: 2020.2.3f1 (8ff31bc5bf5b)
[Subsystems] Discovering subsystems at path C:/Program Files/Unity/Hub/Editor/2020.2.3f1/Editor/Data/Resources/UnitySubsystems
[Subsystems] Discovering subsystems at path C:/Users/sures/Desktop/schooljaar2/Sem2/3DProgramming/Labo/Week5/RocketAssignment/Week5Physics/Assets
GfxDevice: creating device client; threaded=0
Direct3D:
    Version:  Direct3D 11.0 [level 11.1]
    Renderer: NVIDIA GeForce GTX 1050 (ID=0x1c8d)
    Vendor:   
    VRAM:     4021 MB
    Driver:   27.21.14.5638
Initialize mono
Mono path[0] = 'C:/Program Files/Unity/Hub/Editor/2020.2.3f1/Editor/Data/Managed'
Mono path[1] = 'C:/Program Files/Unity/Hub/Editor/2020.2.3f1/Editor/Data/MonoBleedingEdge/lib/mono/unityjit'
Mono config path = 'C:/Program Files/Unity/Hub/Editor/2020.2.3f1/Editor/Data/MonoBleedingEdge/etc'
Using monoOptions --debugger-agent=transport=dt_socket,embedding=1,server=y,suspend=n,address=127.0.0.1:56688
Begin MonoManager ReloadAssembly
Registering precompiled unity dll's ...
Register platform support module: C:/Program Files/Unity/Hub/Editor/2020.2.3f1/Editor/Data/PlaybackEngines/WebGLSupport/UnityEditor.WebGL.Extensions.dll
Register platform support module: C:/Program Files/Unity/Hub/Editor/2020.2.3f1/Editor/Data/PlaybackEngines/WindowsStandaloneSupport/UnityEditor.WindowsStandalone.Extensions.dll
Registered in 0.004490 seconds.
Native extension for WindowsStandalone target not found
Native extension for WebGL target not found
Refreshing native plugins compatible for Editor in 33.69 ms, found 0 plugins.
Preloading 0 native plugins for Editor in 0.00 ms.
Invoked RoslynAnalysisRunner static constructor.
RoslynAnalysisRunner will not be running.
RoslynAnalysisRunner has terminated.
Mono: successfully reloaded assembly
- Completed reload, in  1.521 seconds
Platform modules already initialized, skipping
Registering precompiled user dll's ...
Registered in 0.001019 seconds.
Begin MonoManager ReloadAssembly
Native extension for WindowsStandalone target not found
Native extension for WebGL target not found
Refreshing native plugins compatible for Editor in 0.41 ms, found 0 plugins.
Preloading 0 native plugins for Editor in 0.00 ms.
Invoked RoslynAnalysisRunner static constructor.
RoslynAnalysisRunner will not be running.
RoslynAnalysisRunner has terminated.
Mono: successfully reloaded assembly
- Completed reload, in  1.073 seconds
Platform modules already initialized, skipping
========================================================================
Worker process is ready to serve import requests
Launched and connected shader compiler UnityShaderCompiler.exe after 0.08 seconds
Refreshing native plugins compatible for Editor in 0.27 ms, found 0 plugins.
Preloading 0 native plugins for Editor in 0.00 ms.
Unloading 1231 Unused Serialized files (Serialized files now loaded: 0)
System memory in use before: 73.5 MB.
System memory in use after: 73.2 MB.

Unloading 12 unused Assets to reduce memory usage. Loaded Objects now: 1687.
Total: 2.457200 ms (FindLiveObjects: 0.206000 ms CreateObjectMapping: 0.206000 ms MarkObjects: 1.701300 ms  DeleteObjects: 0.343000 ms)

========================================================================
Received Import Request.
  path: Assets/Scenes/level2.unity
  artifactKey: Guid(f28d32bd066ad2e469f59f2a03cc9915) Importer(815301076,1909f56bfc062723c751e8b465ee728b)
Start importing Assets/Scenes/level2.unity using Guid(f28d32bd066ad2e469f59f2a03cc9915) Importer(815301076,1909f56bfc062723c751e8b465ee728b)  -> (artifact id: '82e15b35b1d8d9cba9955e0bf6f4ab3b') in 0.045062 seconds
  Import took 0.047429 seconds .

========================================================================
Received Import Request.
  Time since last request: 57.873783 seconds.
  path: Assets/Scenes/level1.unity
  artifactKey: Guid(68e0d7ce44f583744b6d66e729ad3d97) Importer(815301076,1909f56bfc062723c751e8b465ee728b)
Start importing Assets/Scenes/level1.unity using Guid(68e0d7ce44f583744b6d66e729ad3d97) Importer(815301076,1909f56bfc062723c751e8b465ee728b)  -> (artifact id: 'cd49a68416ae20e90702f7aa8e314e7c') in 0.030437 seconds
  Import took 0.033245 seconds .

========================================================================
Received Prepare
Registering precompiled user dll's ...
Registered in 0.001451 seconds.
Begin MonoManager ReloadAssembly
Native extension for WindowsStandalone target not found
Native extension for WebGL target not found
Refreshing native plugins compatible for Editor in 0.29 ms, found 0 plugins.
Preloading 0 native plugins for Editor in 0.00 ms.
Invoked RoslynAnalysisRunner static constructor.
RoslynAnalysisRunner will not be running.
RoslynAnalysisRunner has terminated.
Mono: successfully reloaded assembly
- Completed reload, in  1.087 seconds
Platform modules already initialized, skipping
Refreshing native plugins compatible for Editor in 0.27 ms, found 0 plugins.
Preloading 0 native plugins for Editor in 0.00 ms.
Unloading 1208 Unused Serialized files (Serialized files now loaded: 0)
System memory in use before: 71.9 MB.
System memory in use after: 71.7 MB.

Unloading 7 unused Assets to reduce memory usage. Loaded Objects now: 1689.
Total: 3.516200 ms (FindLiveObjects: 0.225400 ms CreateObjectMapping: 0.072900 ms MarkObjects: 2.608700 ms  DeleteObjects: 0.607100 ms)

========================================================================
Received Prepare
Registering precompiled user dll's ...
Registered in 0.005125 seconds.
Begin MonoManager ReloadAssembly
Native extension for WindowsStandalone target not found
Native extension for WebGL target not found
Refreshing native plugins compatible for Editor in 0.70 ms, found 0 plugins.
Preloading 0 native plugins for Editor in 0.00 ms.
Invoked RoslynAnalysisRunner static constructor.
RoslynAnalysisRunner will not be running.
RoslynAnalysisRunner has terminated.
Mono: successfully reloaded assembly
- Completed reload, in  4.225 seconds
Platform modules already initialized, skipping
Refreshing native plugins compatible for Editor in 0.69 ms, found 0 plugins.
Preloading 0 native plugins for Editor in 0.00 ms.
Unloading 1208 Unused Serialized files (Serialized files now loaded: 0)
System memory in use before: 72.0 MB.
System memory in use after: 71.7 MB.

Unloading 7 unused Assets to reduce memory usage. Loaded Objects now: 1691.
Total: 12.045800 ms (FindLiveObjects: 0.644400 ms CreateObjectMapping: 0.263000 ms MarkObjects: 10.091000 ms  DeleteObjects: 1.044000 ms)

========================================================================
Received Prepare
Registering precompiled user dll's ...
Registered in 0.005697 seconds.
Begin MonoManager ReloadAssembly
Native extension for WindowsStandalone target not found
Native extension for WebGL target not found
Refreshing native plugins compatible for Editor in 1.39 ms, found 0 plugins.
Preloading 0 native plugins for Editor in 0.00 ms.
Invoked RoslynAnalysisRunner static constructor.
RoslynAnalysisRunner will not be running.
RoslynAnalysisRunner has terminated.
Mono: successfully reloaded assembly
- Completed reload, in  9.163 seconds
Platform modules already initialized, skipping
Refreshing native plugins compatible for Editor in 3.56 ms, found 0 plugins.
Preloading 0 native plugins for Editor in 0.00 ms.
Unloading 1208 Unused Serialized files (Serialized files now loaded: 0)
System memory in use before: 72.0 MB.
System memory in use after: 71.7 MB.

Unloading 7 unused Assets to reduce memory usage. Loaded Objects now: 1693.
Total: 13.328700 ms (FindLiveObjects: 1.109100 ms CreateObjectMapping: 0.272700 ms MarkObjects: 10.249400 ms  DeleteObjects: 1.691400 ms)

========================================================================
Received Prepare
Registering precompiled user dll's ...
Registered in 0.013307 seconds.
Begin MonoManager ReloadAssembly
Native extension for WindowsStandalone target not found
Native extension for WebGL target not found
Refreshing native plugins compatible for Editor in 1.29 ms, found 0 plugins.
Preloading 0 native plugins for Editor in 0.00 ms.
Invoked RoslynAnalysisRunner static constructor.
RoslynAnalysisRunner will not be running.
RoslynAnalysisRunner has terminated.
Mono: successfully reloaded assembly
- Completed reload, in  7.668 seconds
Platform modules already initialized, skipping
Refreshing native plugins compatible for Editor in 3.70 ms, found 0 plugins.
Preloading 0 native plugins for Editor in 0.00 ms.
Unloading 1208 Unused Serialized files (Serialized files now loaded: 0)
System memory in use before: 72.0 MB.
System memory in use after: 71.7 MB.

Unloading 7 unused Assets to reduce memory usage. Loaded Objects now: 1695.
Total: 20.856000 ms (FindLiveObjects: 1.122600 ms CreateObjectMapping: 0.398900 ms MarkObjects: 12.354900 ms  DeleteObjects: 6.968300 ms)

========================================================================
Received Prepare
Registering precompiled user dll's ...
Registered in 0.005083 seconds.
Begin MonoManager ReloadAssembly
Native extension for WindowsStandalone target not found
Native extension for WebGL target not found
Refreshing native plugins compatible for Editor in 3.71 ms, found 0 plugins.
Preloading 0 native plugins for Editor in 0.00 ms.
Invoked RoslynAnalysisRunner static constructor.
RoslynAnalysisRunner will not be running.
RoslynAnalysisRunner has terminated.
Mono: successfully reloaded assembly
- Completed reload, in 20.489 seconds
Platform modules already initialized, skipping
Refreshing native plugins compatible for Editor in 2.21 ms, found 0 plugins.
Preloading 0 native plugins for Editor in 0.00 ms.
Unloading 1208 Unused Serialized files (Serialized files now loaded: 0)
System memory in use before: 72.0 MB.
System memory in use after: 71.8 MB.

Unloading 7 unused Assets to reduce memory usage. Loaded Objects now: 1697.
Total: 18.094600 ms (FindLiveObjects: 0.893600 ms CreateObjectMapping: 0.592100 ms MarkObjects: 14.250400 ms  DeleteObjects: 2.348800 ms)

========================================================================
Received Prepare
Registering precompiled user dll's ...
Registered in 0.002557 seconds.
Begin MonoManager ReloadAssembly
Native extension for WindowsStandalone target not found
Native extension for WebGL target not found
Refreshing native plugins compatible for Editor in 2.24 ms, found 0 plugins.
Preloading 0 native plugins for Editor in 0.00 ms.
Invoked RoslynAnalysisRunner static constructor.
RoslynAnalysisRunner will not be running.
RoslynAnalysisRunner has terminated.
Mono: successfully reloaded assembly
- Completed reload, in  1.863 seconds
Platform modules already initialized, skipping
Refreshing native plugins compatible for Editor in 0.47 ms, found 0 plugins.
Preloading 0 native plugins for Editor in 0.00 ms.
Unloading 1208 Unused Serialized files (Serialized files now loaded: 0)
System memory in use before: 72.1 MB.
System memory in use after: 71.8 MB.

Unloading 7 unused Assets to reduce memory usage. Loaded Objects now: 1699.
Total: 4.382800 ms (FindLiveObjects: 0.526400 ms CreateObjectMapping: 0.103300 ms MarkObjects: 3.030500 ms  DeleteObjects: 0.718300 ms)

========================================================================
Received Prepare
Registering precompiled user dll's ...
Registered in 0.001711 seconds.
Begin MonoManager ReloadAssembly
Native extension for WindowsStandalone target not found
Native extension for WebGL target not found
Refreshing native plugins compatible for Editor in 0.49 ms, found 0 plugins.
Preloading 0 native plugins for Editor in 0.00 ms.
Invoked RoslynAnalysisRunner static constructor.
RoslynAnalysisRunner will not be running.
RoslynAnalysisRunner has terminated.
Mono: successfully reloaded assembly
- Completed reload, in  1.843 seconds
Platform modules already initialized, skipping
Refreshing native plugins compatible for Editor in 1.65 ms, found 0 plugins.
Preloading 0 native plugins for Editor in 0.00 ms.
Unloading 1208 Unused Serialized files (Serialized files now loaded: 0)
System memory in use before: 72.1 MB.
System memory in use after: 71.8 MB.

Unloading 7 unused Assets to reduce memory usage. Loaded Objects now: 1701.
Total: 3.537100 ms (FindLiveObjects: 0.200900 ms CreateObjectMapping: 0.318600 ms MarkObjects: 2.491400 ms  DeleteObjects: 0.524300 ms)

========================================================================
Received Import Request.
  Time since last request: 755.039786 seconds.
  path: Assets/Scenes/level2.unity
  artifactKey: Guid(f28d32bd066ad2e469f59f2a03cc9915) Importer(815301076,1909f56bfc062723c751e8b465ee728b)
Start importing Assets/Scenes/level2.unity using Guid(f28d32bd066ad2e469f59f2a03cc9915) Importer(815301076,1909f56bfc062723c751e8b465ee728b)  -> (artifact id: 'a8f3d620a363509a73b3ce2e8b58ff16') in 0.087213 seconds
  Import took 0.091683 seconds .

========================================================================
Received Import Request.
  Time since last request: 2.130649 seconds.
  path: Assets/Scenes/level1.unity
  artifactKey: Guid(68e0d7ce44f583744b6d66e729ad3d97) Importer(815301076,1909f56bfc062723c751e8b465ee728b)
Start importing Assets/Scenes/level1.unity using Guid(68e0d7ce44f583744b6d66e729ad3d97) Importer(815301076,1909f56bfc062723c751e8b465ee728b)  -> (artifact id: '6d6839c699947d67f126e2aa411d2aa3') in 0.046367 seconds
  Import took 0.049757 seconds .

========================================================================
Received Prepare
Registering precompiled user dll's ...
Registered in 0.000910 seconds.
Begin MonoManager ReloadAssembly
Native extension for WindowsStandalone target not found
Native extension for WebGL target not found
Refreshing native plugins compatible for Editor in 0.30 ms, found 0 plugins.
Preloading 0 native plugins for Editor in 0.00 ms.
Invoked RoslynAnalysisRunner static constructor.
RoslynAnalysisRunner will not be running.
RoslynAnalysisRunner has terminated.
Mono: successfully reloaded assembly
- Completed reload, in  1.519 seconds
Platform modules already initialized, skipping
Refreshing native plugins compatible for Editor in 0.61 ms, found 0 plugins.
Preloading 0 native plugins for Editor in 0.00 ms.
Unloading 1208 Unused Serialized files (Serialized files now loaded: 0)
System memory in use before: 72.1 MB.
System memory in use after: 71.8 MB.

Unloading 7 unused Assets to reduce memory usage. Loaded Objects now: 1703.
Total: 3.144000 ms (FindLiveObjects: 0.282800 ms CreateObjectMapping: 0.085800 ms MarkObjects: 2.176700 ms  DeleteObjects: 0.595900 ms)

========================================================================
Received Prepare
Registering precompiled user dll's ...
Registered in 0.002414 seconds.
Begin MonoManager ReloadAssembly
Native extension for WindowsStandalone target not found
Native extension for WebGL target not found
Refreshing native plugins compatible for Editor in 0.42 ms, found 0 plugins.
Preloading 0 native plugins for Editor in 0.00 ms.
Invoked RoslynAnalysisRunner static constructor.
RoslynAnalysisRunner will not be running.
RoslynAnalysisRunner has terminated.
Mono: successfully reloaded assembly
- Completed reload, in  1.775 seconds
Platform modules already initialized, skipping
Refreshing native plugins compatible for Editor in 0.32 ms, found 0 plugins.
Preloading 0 native plugins for Editor in 0.00 ms.
Unloading 1208 Unused Serialized files (Serialized files now loaded: 0)
System memory in use before: 72.1 MB.
System memory in use after: 71.8 MB.

Unloading 7 unused Assets to reduce memory usage. Loaded Objects now: 1705.
Total: 5.405400 ms (FindLiveObjects: 0.440800 ms CreateObjectMapping: 0.114700 ms MarkObjects: 4.257100 ms  DeleteObjects: 0.589700 ms)

========================================================================
Received Prepare
Registering precompiled user dll's ...
Registered in 0.001427 seconds.
Begin MonoManager ReloadAssembly
Native extension for WindowsStandalone target not found
Native extension for WebGL target not found
Refreshing native plugins compatible for Editor in 0.40 ms, found 0 plugins.
Preloading 0 native plugins for Editor in 0.00 ms.
Invoked RoslynAnalysisRunner static constructor.
RoslynAnalysisRunner will not be running.
RoslynAnalysisRunner has terminated.
Mono: successfully reloaded assembly
- Completed reload, in  2.122 seconds
Platform modules already initialized, skipping
Refreshing native plugins compatible for Editor in 1.18 ms, found 0 plugins.
Preloading 0 native plugins for Editor in 0.00 ms.
Unloading 1208 Unused Serialized files (Serialized files now loaded: 0)
System memory in use before: 72.1 MB.
System memory in use after: 71.8 MB.

Unloading 7 unused Assets to reduce memory usage. Loaded Objects now: 1707.
Total: 5.435100 ms (FindLiveObjects: 0.419800 ms CreateObjectMapping: 0.096700 ms MarkObjects: 4.016800 ms  DeleteObjects: 0.898500 ms)

========================================================================
Received Prepare
Registering precompiled user dll's ...
Registered in 0.003099 seconds.
Begin MonoManager ReloadAssembly
Native extension for WindowsStandalone target not found
Native extension for WebGL target not found
Refreshing native plugins compatible for Editor in 0.28 ms, found 0 plugins.
Preloading 0 native plugins for Editor in 0.00 ms.
Invoked RoslynAnalysisRunner static constructor.
RoslynAnalysisRunner will not be running.
RoslynAnalysisRunner has terminated.
Mono: successfully reloaded assembly
- Completed reload, in  1.840 seconds
Platform modules already initialized, skipping
Refreshing native plugins compatible for Editor in 0.38 ms, found 0 plugins.
Preloading 0 native plugins for Editor in 0.00 ms.
Unloading 1208 Unused Serialized files (Serialized files now loaded: 0)
System memory in use before: 72.1 MB.
System memory in use after: 71.8 MB.

Unloading 7 unused Assets to reduce memory usage. Loaded Objects now: 1709.
Total: 4.752500 ms (FindLiveObjects: 0.619800 ms CreateObjectMapping: 0.216300 ms MarkObjects: 2.913800 ms  DeleteObjects: 0.999400 ms)

========================================================================
Received Prepare
Registering precompiled user dll's ...
Registered in 0.001876 seconds.
Begin MonoManager ReloadAssembly
Native extension for WindowsStandalone target not found
Native extension for WebGL target not found
Refreshing native plugins compatible for Editor in 0.41 ms, found 0 plugins.
Preloading 0 native plugins for Editor in 0.00 ms.
Invoked RoslynAnalysisRunner static constructor.
RoslynAnalysisRunner will not be running.
RoslynAnalysisRunner has terminated.
Mono: successfully reloaded assembly
- Completed reload, in  2.487 seconds
Platform modules already initialized, skipping
Refreshing native plugins compatible for Editor in 0.56 ms, found 0 plugins.
Preloading 0 native plugins for Editor in 0.00 ms.
Unloading 1208 Unused Serialized files (Serialized files now loaded: 0)
System memory in use before: 72.1 MB.
System memory in use after: 71.8 MB.

Unloading 7 unused Assets to reduce memory usage. Loaded Objects now: 1711.
Total: 4.200800 ms (FindLiveObjects: 0.378700 ms CreateObjectMapping: 0.099100 ms MarkObjects: 3.031100 ms  DeleteObjects: 0.687700 ms)

AssetImportWorkerClient::OnTransportError - code=2 error=End of file
